2023-04-08 16:08:43.633 [main] INFO  c.h.security.SecurityApplication - Starting SecurityApplication using Java 17.0.6 with PID 25068 (C:\Users\DELL\Desktop\SpringBoot-Angular\Spring Security\Jwt\SecurityProject\security\target\classes started by DELL in C:\Users\DELL\Desktop\SpringBoot-Angular\Spring Security\Jwt\SecurityProject)
2023-04-08 16:08:43.638 [main] INFO  c.h.security.SecurityApplication - No active profile set, falling back to 1 default profile: "default"
2023-04-08 16:08:44.836 [main] INFO  o.s.d.r.c.RepositoryConfigurationDelegate - Bootstrapping Spring Data JPA repositories in DEFAULT mode.
2023-04-08 16:08:44.922 [main] INFO  o.s.d.r.c.RepositoryConfigurationDelegate - Finished Spring Data repository scanning in 75 ms. Found 1 JPA repository interfaces.
2023-04-08 16:08:45.640 [main] INFO  o.s.b.w.e.tomcat.TomcatWebServer - Tomcat initialized with port(s): 8080 (http)
2023-04-08 16:08:45.653 [main] INFO  o.a.coyote.http11.Http11NioProtocol - Initializing ProtocolHandler ["http-nio-8080"]
2023-04-08 16:08:45.654 [main] INFO  o.a.catalina.core.StandardService - Starting service [Tomcat]
2023-04-08 16:08:45.654 [main] INFO  o.a.catalina.core.StandardEngine - Starting Servlet engine: [Apache Tomcat/10.1.7]
2023-04-08 16:08:45.796 [main] INFO  o.a.c.c.C.[Tomcat].[localhost].[/] - Initializing Spring embedded WebApplicationContext
2023-04-08 16:08:45.797 [main] INFO  o.s.b.w.s.c.ServletWebServerApplicationContext - Root WebApplicationContext: initialization completed in 2049 ms
2023-04-08 16:08:45.954 [main] INFO  o.h.jpa.internal.util.LogHelper - HHH000204: Processing PersistenceUnitInfo [name: default]
2023-04-08 16:08:46.021 [main] INFO  org.hibernate.Version - HHH000412: Hibernate ORM core version 6.1.7.Final
2023-04-08 16:08:46.402 [main] INFO  com.zaxxer.hikari.HikariDataSource - HikariPool-1 - Starting...
2023-04-08 16:08:46.827 [main] INFO  com.zaxxer.hikari.pool.HikariPool - HikariPool-1 - Added connection com.mysql.cj.jdbc.ConnectionImpl@6ed51944
2023-04-08 16:08:46.829 [main] INFO  com.zaxxer.hikari.HikariDataSource - HikariPool-1 - Start completed.
2023-04-08 16:08:46.855 [main] INFO  SQL dialect - HHH000400: Using dialect: org.hibernate.dialect.MySQL8Dialect
2023-04-08 16:08:46.857 [main] WARN  org.hibernate.orm.deprecation - HHH90000026: MySQL8Dialect has been deprecated; use org.hibernate.dialect.MySQLDialect instead
2023-04-08 16:08:48.153 [main] INFO  o.h.e.t.j.p.i.JtaPlatformInitiator - HHH000490: Using JtaPlatform implementation: [org.hibernate.engine.transaction.jta.platform.internal.NoJtaPlatform]
2023-04-08 16:08:48.166 [main] INFO  o.s.o.j.LocalContainerEntityManagerFactoryBean - Initialized JPA EntityManagerFactory for persistence unit 'default'
2023-04-08 16:08:48.749 [main] WARN  o.s.b.a.o.j.JpaBaseConfiguration$JpaWebConfiguration - spring.jpa.open-in-view is enabled by default. Therefore, database queries may be performed during view rendering. Explicitly configure spring.jpa.open-in-view to disable this warning
2023-04-08 16:08:49.143 [main] INFO  o.s.s.web.DefaultSecurityFilterChain - Will secure any request with [org.springframework.security.web.session.DisableEncodeUrlFilter@41831611, org.springframework.security.web.context.request.async.WebAsyncManagerIntegrationFilter@31921151, org.springframework.security.web.context.SecurityContextHolderFilter@3c62c81f, org.springframework.security.web.header.HeaderWriterFilter@e2696e8, org.springframework.security.web.authentication.logout.LogoutFilter@6464f017, com.hachadi.security.config.JwtAuthenticationFilter@4ed19540, org.springframework.security.web.savedrequest.RequestCacheAwareFilter@a36ff0b, org.springframework.security.web.servletapi.SecurityContextHolderAwareRequestFilter@9c40f43, org.springframework.security.web.authentication.AnonymousAuthenticationFilter@5749e633, org.springframework.security.web.session.SessionManagementFilter@6cb759d5, org.springframework.security.web.access.ExceptionTranslationFilter@188ab96, org.springframework.security.web.access.intercept.AuthorizationFilter@7c919e1e]
2023-04-08 16:08:49.440 [main] INFO  o.a.coyote.http11.Http11NioProtocol - Starting ProtocolHandler ["http-nio-8080"]
2023-04-08 16:08:49.470 [main] INFO  o.s.b.w.e.tomcat.TomcatWebServer - Tomcat started on port(s): 8080 (http) with context path ''
2023-04-08 16:08:49.484 [main] INFO  c.h.security.SecurityApplication - Started SecurityApplication in 6.61 seconds (process running for 7.996)
2023-04-08 16:08:49.489 [main] INFO  c.h.security.SecurityApplication - Info level log message
2023-04-08 16:08:49.489 [main] ERROR c.h.security.SecurityApplication - Error level log message
2023-04-08 16:08:49.489 [main] INFO  c.h.security.SecurityApplication - Hello every body , it is the first trace !!
2023-04-08 16:09:00.245 [http-nio-8080-exec-1] INFO  o.a.c.c.C.[Tomcat].[localhost].[/] - Initializing Spring DispatcherServlet 'dispatcherServlet'
2023-04-08 16:09:00.246 [http-nio-8080-exec-1] INFO  o.s.web.servlet.DispatcherServlet - Initializing Servlet 'dispatcherServlet'
2023-04-08 16:09:00.247 [http-nio-8080-exec-1] INFO  o.s.web.servlet.DispatcherServlet - Completed initialization in 0 ms
2023-04-08 16:09:00.302 [http-nio-8080-exec-1] INFO  c.h.s.controllers.TestController - Hello this method test is invoked !!!!
2023-04-08 16:10:21.241 [SpringApplicationShutdownHook] INFO  o.s.o.j.LocalContainerEntityManagerFactoryBean - Closing JPA EntityManagerFactory for persistence unit 'default'
2023-04-08 16:10:21.242 [SpringApplicationShutdownHook] INFO  o.h.t.s.i.SchemaDropperImpl$DelayedDropActionImpl - HHH000477: Starting delayed evictData of schema as part of SessionFactory shut-down'
2023-04-08 16:10:21.290 [SpringApplicationShutdownHook] INFO  com.zaxxer.hikari.HikariDataSource - HikariPool-1 - Shutdown initiated...
2023-04-08 16:10:21.308 [SpringApplicationShutdownHook] INFO  com.zaxxer.hikari.HikariDataSource - HikariPool-1 - Shutdown completed.
